<?xml version="1.0" encoding="UTF-8"?>
<!-- Generated by org.testng.reporters.JUnitReportReporter -->
<testsuite skipped="0" hostname="Murali" name="SampleTest" tests="9" failures="0" timestamp="19 Dec 2023 15:51:57 GMT" time="57.587" errors="0">
  <testcase name="testAddition" time="0.518" classname="SampleTest"/>
  <testcase name="runLoginAndLogout1" time="10.712" classname="SampleTest"/>
  <testcase name="runLoginAndLogout3" time="6.677" classname="SampleTest"/>
  <testcase name="runLoginAndLogout" time="6.787" classname="SampleTest"/>
  <testcase name="runLoginAndLogout" time="6.461" classname="SampleTest"/>
  <testcase name="runLoginAndLogout" time="6.464" classname="SampleTest"/>
  <testcase name="runLoginAndLogout" time="6.462" classname="SampleTest"/>
  <testcase name="runLoginAndLogout" time="7.046" classname="SampleTest"/>
  <testcase name="runLoginAndLogout" time="6.460" classname="SampleTest"/>
</testsuite> <!-- SampleTest -->
