<?xml version="1.0" encoding="UTF-8"?>
<!-- Generated by org.testng.reporters.JUnitReportReporter -->
<testsuite skipped="0" hostname="Murali" name="SampleTest" tests="3" failures="0" timestamp="19 Dec 2023 03:24:30 GMT" time="0.032" errors="0">
  <testcase name="runLoginAndLogout1" time="0.016" classname="SampleTest"/>
  <testcase name="testAddition" time="0.016" classname="SampleTest"/>
  <testcase name="runLoginAndLogout3" time="0.000" classname="SampleTest"/>
</testsuite> <!-- SampleTest -->
