<?xml version="1.0" encoding="UTF-8"?>
<!-- Generated by org.testng.reporters.JUnitReportReporter -->
<testsuite skipped="0" hostname="Murali" name="SampleTest1" tests="2" failures="0" timestamp="19 Dec 2023 12:31:51 GMT" time="2.016" errors="0">
  <testcase name="runLoginAndLogout3" time="0.000" classname="SampleTest1"/>
  <testcase name="runLoginAndLogout" time="2.016" classname="SampleTest1"/>
</testsuite> <!-- SampleTest1 -->
