<?xml version="1.0" encoding="UTF-8"?>
<!-- Generated by org.testng.reporters.JUnitReportReporter -->
<testsuite skipped="0" hostname="Murali" name="SampleTest" tests="3" failures="0" timestamp="19 Dec 2023 12:31:51 GMT" time="1.109" errors="0">
  <testcase name="runLoginAndLogout1" time="0.547" classname="SampleTest"/>
  <testcase name="testAddition" time="0.547" classname="SampleTest"/>
  <testcase name="runLoginAndLogout3" time="0.015" classname="SampleTest"/>
</testsuite> <!-- SampleTest -->
