<?xml version="1.0" encoding="UTF-8"?>
<!-- Generated by org.testng.reporters.JUnitReportReporter -->
<testsuite skipped="0" hostname="Murali" name="StandaloneTest" tests="1" failures="0" timestamp="17 Dec 2023 11:10:00 GMT" time="2.486" errors="0">
  <testcase name="login" time="2.486" classname="StandaloneTest"/>
</testsuite> <!-- StandaloneTest -->
